<?xml version="1.0" encoding="UTF-8"?>
<testsuite xmlns:xsi="http://www.w3.org/2001/XMLSchema-instance" xsi:noNamespaceSchemaLocation="https://maven.apache.org/surefire/maven-surefire-plugin/xsd/surefire-test-report-3.0.xsd" version="3.0" name="com.laplateforme.tracker.controller.StatsControllerTest" time="0.058" tests="16" errors="0" skipped="0" failures="0">
  <properties>
[...]
</properties>
  <testcase name="ageGroupsContient4Cles" classname="com.laplateforme.tracker.controller.StatsControllerTest" time="0.005"/>
  <testcase name="moyenneListeVide" classname="com.laplateforme.tracker.controller.StatsControllerTest" time="0.009"/>
  <testcase name="totalMentionsEgalNombre" classname="com.laplateforme.tracker.controller.StatsControllerTest" time="0.007"/>
  <testcase name="age1820" classname="com.laplateforme.tracker.controller.StatsControllerTest" time="0.001"/>
  <testcase name="age2123" classname="com.laplateforme.tracker.controller.StatsControllerTest" time="0.0"/>
  <testcase name="noteMaxListeVide" classname="com.laplateforme.tracker.controller.StatsControllerTest" time="0.002"/>
  <testcase name="listeVideGroupesAZero" classname="com.laplateforme.tracker.controller.StatsControllerTest" time="0.001"/>
  <testcase name="noteMinListeVide" classname="com.laplateforme.tracker.controller.StatsControllerTest" time="0.001"/>
  <testcase name="ageMoins18" classname="com.laplateforme.tracker.controller.StatsControllerTest" time="0.001"/>
  <testcase name="mentionContient5Cles" classname="com.laplateforme.tracker.controller.StatsControllerTest" time="0.001"/>
  <testcase name="noteMinCorrecte" classname="com.laplateforme.tracker.controller.StatsControllerTest" time="0.009"/>
  <testcase name="moyenneCorrecte" classname="com.laplateforme.tracker.controller.StatsControllerTest" time="0.004"/>
  <testcase name="moyenneUnElement" classname="com.laplateforme.tracker.controller.StatsControllerTest" time="0.002"/>
  <testcase name="agePlus23" classname="com.laplateforme.tracker.controller.StatsControllerTest" time="0.001"/>
  <testcase name="noteMaxCorrecte" classname="com.laplateforme.tracker.controller.StatsControllerTest" time="0.001"/>
  <testcase name="totalAgeGroupsEgalNombre" classname="com.laplateforme.tracker.controller.StatsControllerTest" time="0.002"/>
</testsuite>